<?xml version="1.0" encoding="UTF-8"?>
<!-- Generated by org.testng.reporters.JUnitReportReporter -->
<testsuite hostname="NIT-A03-007D" name="Main.ScreenShot" tests="1" failures="0" timestamp="25 Nov 2015 11:50:31 GMT" time="21.304" errors="0">
  <testcase name="openBrowser" time="21.304" classname="Main.ScreenShot"/>
</testsuite> <!-- Main.ScreenShot -->
