<?xml version="1.0" encoding="UTF-8"?>
<!-- Generated by org.testng.reporters.JUnitReportReporter -->
<testsuite hostname="NIT-A03-007D" name="Main.TestNG_Initiate" tests="1" failures="0" timestamp="26 Nov 2015 06:29:35 GMT" time="39.578" errors="0">
  <testcase name="Smoke_Test_All_Functionality" time="39.578" classname="Main.TestNG_Initiate"/>
</testsuite> <!-- Main.TestNG_Initiate -->
