<?xml version="1.0" encoding="UTF-8"?>
<!-- Generated by org.testng.reporters.JUnitReportReporter -->
<testsuite hostname="NIT-A03-007D" name="Main.ReflectionClassNew" tests="1" failures="0" timestamp="29 Oct 2015 12:37:34 GMT" time="15.329" errors="0">
  <testcase name="callmain" time="15.329" classname="Main.ReflectionClassNew"/>
</testsuite> <!-- Main.ReflectionClassNew -->
