<?xml version="1.0" encoding="UTF-8"?>
<!-- Generated by org.testng.reporters.JUnitReportReporter -->
<testsuite hostname="NIT-A03-007D" name="Main.TestNG_Initiate" tests="1" failures="0" timestamp="23 Nov 2015 06:31:24 GMT" time="64.298" errors="0">
  <testcase name="Smoke_Test_All_Functionality" time="64.298" classname="Main.TestNG_Initiate"/>
</testsuite> <!-- Main.TestNG_Initiate -->
